#
# A fatal error has been detected by the Java Runtime Environment:
#
#  EXCEPTION_ACCESS_VIOLATION (0xc0000005) at pc=0x00000209933bbab7, pid=9448, tid=4224
#
# JRE version: Java(TM) SE Runtime Environment (21.0.3+7) (build 21.0.3+7-LTS-152)
# Java VM: Java HotSpot(TM) 64-Bit Server VM (21.0.3+7-LTS-152, mixed mode, sharing, tiered, compressed oops, compressed class ptrs, g1 gc, windows-amd64)
# Problematic frame:
# 
[error occurred during error reporting (printing problematic frame), id 0xc0000005, EXCEPTION_ACCESS_VIOLATION (0xc0000005) at pc=0x00007ffd99088a30]
# No core dump will be written. Minidumps are not enabled by default on client versions of Windows
#
# If you would like to submit a bug report, please visit:
#   https://bugreport.java.com/bugreport/crash.jsp
#

---------------  S U M M A R Y ------------

Command Line: -Dfile.encoding=UTF-8 -Duser.country=JP -Duser.language=ja -Duser.variant raisetech.StudentManagement.Application

Host: Intel(R) Core(TM) i5-5300U CPU @ 2.30GHz, 4 cores, 15G,  Windows 10 , 64 bit Build 19041 (10.0.19041.5198)
Time: Thu Dec 26 20:19:24 2024  Windows 10 , 64 bit Build 19041 (10.0.19041.5198) elapsed time: 85186.180592 seconds (0d 23h 39m 46s)

---------------  T H R E A D  ---------------

Current thread (0x00000209e91bc070):  JavaThread "http-nio-8080-exec-10" daemon [_thread_in_Java, id=4224, stack(0x000000d3f0e00000,0x000000d3f0f00000) (1024K)]

Stack: [0x000000d3f0e00000,0x000000d3f0f00000],  sp=0x000000d3f0efb740,  free space=1005k
Native frames: (J=compiled Java code, j=interpreted, Vv=VM code, C=native code)
C  0x00000209933bbab7

The last pc belongs to method entry point (kind = zerolocals) (printed below).

siginfo: EXCEPTION_ACCESS_VIOLATION (0xc0000005), reading address 0xffffffffffffffff


Registers:
RAX=0x00000209933b8860, RBX=0x00000209a3211178, RCX=0x0000000000000002, RDX=0x0102d8200405039f
RSP=0x000000d3f0efb740, RBP=0x000000d3f0efb758, RSI=0x0000000000000000, RDI=0x0000000000000158
R8 =0x0000000000000000, R9 =0x0000000703ba6958, R10=0x00007ffd99652650, R11=0x0000000703ba6a4c
R12=0x0000000000000000, R13=0x00000209a38fe560, R14=0x000000d3f0efb770, R15=0x00000209e91bc070
RIP=0x00000209933bbab7, EFLAGS=0x0000000000010246


Register to memory mapping:

RAX=0x00000209933b8860 is at code_begin+1184 in an Interpreter codelet
return entry points  [0x00000209933b83c0, 0x00000209933b8f60]  2976 bytes
RBX={method} {0x00000209a3211180} '<init>' '(Ljava/util/WeakHashMap;)V' in 
[error occurred during error reporting (printing register info), id 0xc0000005, EXCEPTION_ACCESS_VIOLATION (0xc0000005) at pc=0x00007ffd990897a4]
RCX=0x0000000000000002 is an unknown value
RDX=0x0102d8200405039f is an unknown value
RSP=0x000000d3f0efb740 is pointing into the stack for thread: 0x00000209e91bc070
RBP=0x000000d3f0efb758 is pointing into the stack for thread: 0x00000209e91bc070
RSI=0x0 is null
RDI=0x0000000000000158 is an unknown value
R8 =0x0 is null
R9 =0x0000000703ba6958 is an oop: java.util.WeakHashMap 
{0x0000000703ba6958} - klass: 'java/util/WeakHashMap'
 - ---- fields (total size 6 words):
 - transient 'keySet' 'Ljava/util/Set;' @12  null (0x00000000)
 - transient 'values' 'Ljava/util/Collection;' @16  null (0x00000000)
 - private 'size' 'I' @20  0 (0x00000000)
 - private 'threshold' 'I' @24  12 (0x0000000c)
 - private final 'loadFactor' 'F' @28  0.750000 (0x3f400000)
 - 'modCount' 'I' @32  0 (0x00000000)
 - 'table' '[Ljava/util/WeakHashMap$Entry;' @36  a 'java/util/WeakHashMap$Entry'[16] {0x0000000703ba69f0} (0xe0774d3e)
 - private final 'queue' 'Ljava/lang/ref/ReferenceQueue;' @40  a 'java/lang/ref/ReferenceQueue'{0x0000000703ba6988} (0xe0774d31)
 - private transient 'entrySet' 'Ljava/util/Set;' @44  null (0x00000000)
R10=0x00007ffd99652650 jvm.dll
R11=
[error occurred during error reporting (printing register info, attempt 2), id 0xc0000005, EXCEPTION_ACCESS_VIOLATION (0xc0000005) at pc=0x00007ffd98b4d341]
R12=0x0 is null
R13=0x00000209a38fe560 is pointing into metadata
R14=0x000000d3f0efb770 is pointing into the stack for thread: 0x00000209e91bc070
R15=0x00000209e91bc070 is a thread

Top of Stack: (sp=0x000000d3f0efb740)
0x000000d3f0efb740:   00000209a3211178 0000000000000000
0x000000d3f0efb750:   000000d3f0efb768 000000d3f0efb7c8
0x000000d3f0efb760:   00000209933b8860 0000000703ba6958
0x000000d3f0efb770:   0000000703ba6a58 0000000703ba6a58
0x000000d3f0efb780:   000000d3f0efb780 00000209a379180e
0x000000d3f0efb790:   0000000000000003 00000209a33da880
0x000000d3f0efb7a0:   0000000000000000 0000000701bb7fc0
0x000000d3f0efb7b0:   00000209a3105448 000000d3f0efb768
0x000000d3f0efb7c0:   000000d3f0efb7e0 000000d3f0efb838
0x000000d3f0efb7d0:   00000209933b8e78 0000000000000000
0x000000d3f0efb7e0:   0000000703ba6958 0000000703ba6a40
0x000000d3f0efb7f0:   000000d3f0efb7f0 00000209a38a0353
0x000000d3f0efb800:   0000000000000003 00000209a31d6f78
0x000000d3f0efb810:   0000000000000000 0000000701bb8158
0x000000d3f0efb820:   00000209a31d7a00 000000d3f0efb7e0
0x000000d3f0efb830:   000000d3f0efb848 000000d3f0efb8a8
0x000000d3f0efb840:   00000209933b8860 0000000703ba6958
0x000000d3f0efb850:   0000000703ba6a40 0000000703ba6a40
0x000000d3f0efb860:   000000d3f0efb860 00000209a3b64041
0x000000d3f0efb870:   0000000000000002 00000209a33ef0c8
0x000000d3f0efb880:   0000000000000000 0000000701bbe418
0x000000d3f0efb890:   00000209a33ee908 000000d3f0efb848
0x000000d3f0efb8a0:   000000d3f0efb8b8 000000d3f0efb910
0x000000d3f0efb8b0:   00000209933b89d2 0000000703ba6958
0x000000d3f0efb8c0:   0000000703ba6908 000000d3f0efb8c8
0x000000d3f0efb8d0:   00000209a3a69050 0000000000000006
0x000000d3f0efb8e0:   00000209a331b090 0000000000000000
0x000000d3f0efb8f0:   0000000701ba2160 00000209a331b580
0x000000d3f0efb900:   000000d3f0efb8b8 000000d3f0efb920
0x000000d3f0efb910:   000000d3f0efb9a0 00000209933b8860
0x000000d3f0efb920:   0000000000000001 0000000703ba68e8
0x000000d3f0efb930:   0000000701c1f3c8 0000000703ba64b8 

Instructions: (pc=0x00000209933bbab7)
0x00000209933bb9b7:   0f 0f 84 19 00 00 00 48 83 ec 08 48 b8 30 41 de
0x00000209933bb9c7:   98 fd 7f 00 00 ff d0 48 83 c4 08 e9 0c 00 00 00
0x00000209933bb9d7:   48 b8 30 41 de 98 fd 7f 00 00 ff d0 48 83 c4 20
0x00000209933bb9e7:   49 c7 87 98 03 00 00 00 00 00 00 49 c7 87 a8 03
0x00000209933bb9f7:   00 00 00 00 00 00 49 c7 87 a0 03 00 00 00 00 00
0x00000209933bba07:   00 c5 f8 77 49 83 7f 08 00 0f 84 05 00 00 00 e9
0x00000209933bba17:   e5 54 ff ff 4c 8b 6d c0 4c 8b 75 c8 4e 8d 74 f5
0x00000209933bba27:   00 c3 0f 1f 80 00 00 00 00 a0 15 45 99 fd 7f 00
0x00000209933bba37:   00 d8 03 00 00 ff ff ff ff 48 8b 53 08 0f b7 4a
0x00000209933bba47:   2e 0f b7 52 2c 2b d1 81 fa f5 01 00 00 0f 86 25
0x00000209933bba57:   00 00 00 48 8b c2 48 c1 e0 03 48 83 c0 58 49 03
0x00000209933bba67:   87 d0 04 00 00 48 3b e0 0f 87 0a 00 00 00 58 49
0x00000209933bba77:   8b e5 50 e9 01 ac ff ff 58 4c 8d 74 cc f8 85 d2
0x00000209933bba87:   0f 8e 09 00 00 00 68 00 00 00 00 ff ca 7f f7 50
0x00000209933bba97:   55 48 8b ec 41 55 68 00 00 00 00 4c 8b 6b 08 4d
0x00000209933bbaa7:   8d 6d 38 53 48 8b 53 08 48 8b 52 08 48 8b 52 18
0x00000209933bbab7:   48 8b 52 70 48 8b 12 52 48 8b 53 10 48 85 d2 0f
0x00000209933bbac7:   84 07 00 00 00 48 81 c2 08 01 00 00 52 48 8b 53
0x00000209933bbad7:   08 48 8b 52 08 48 8b 52 10 52 49 8b c6 48 2b c5
0x00000209933bbae7:   48 c1 e8 03 50 41 55 68 00 00 00 00 48 89 24 24
0x00000209933bbaf7:   41 c6 87 79 04 00 00 01 48 8b 45 d8 48 85 c0 0f
0x00000209933bbb07:   84 91 00 00 00 8b 48 fc 85 c9 0f 88 86 00 00 00
0x00000209933bbb17:   48 03 c1 48 8b 48 08 48 83 e9 02 48 8b 54 c8 10
0x00000209933bbb27:   48 f7 da 49 8b 14 d6 48 85 d2 75 10 f6 44 c8 18
0x00000209933bbb37:   01 75 5d f0 48 83 4c c8 18 01 eb 54 8b 52 08 49
0x00000209933bbb47:   ba 00 00 00 a3 09 02 00 00 49 03 d2 4c 8b d2 48
0x00000209933bbb57:   33 54 c8 18 48 f7 c2 fc ff ff ff 74 33 f6 c2 02
0x00000209933bbb67:   75 2e 48 83 7c c8 18 00 74 21 48 83 7c c8 18 01
0x00000209933bbb77:   74 19 49 8b d2 48 33 54 c8 18 48 f7 c2 fc ff ff
0x00000209933bbb87:   ff 74 0d 48 83 4c c8 18 02 eb 05 48 89 54 c8 18
0x00000209933bbb97:   48 83 e9 02 79 85 48 8b 43 10 48 85 c0 74 20 8b
0x00000209933bbba7:   88 cc 00 00 00 83 c1 02 89 88 cc 00 00 00 23 88 


Stack slot to memory mapping:

stack at sp + 0 slots: {method} {0x00000209a3211180} '<init>' '(Ljava/util/WeakHashMap;)V' in 
[error occurred during error reporting (inspecting top of stack), id 0xc0000005, EXCEPTION_ACCESS_VIOLATION (0xc0000005) at pc=0x00007ffd990897a4]
stack at sp + 1 slots: 0x0 is null
stack at sp + 2 slots: 0x000000d3f0efb768 is pointing into the stack for thread: 0x00000209e91bc070
stack at sp + 3 slots: 0x000000d3f0efb7c8 is pointing into the stack for thread: 0x00000209e91bc070
stack at sp + 4 slots: 0x00000209933b8860 is at code_begin+1184 in an Interpreter codelet
return entry points  [0x00000209933b83c0, 0x00000209933b8f60]  2976 bytes
stack at sp + 5 slots: 0x0000000703ba6958 is an oop: java.util.WeakHashMap 
{0x0000000703ba6958} - klass: 'java/util/WeakHashMap'
 - ---- fields (total size 6 words):
 - transient 'keySet' 'Ljava/util/Set;' @12  null (0x00000000)
 - transient 'values' 'Ljava/util/Collection;' @16  null (0x00000000)
 - private 'size' 'I' @20  0 (0x00000000)
 - private 'threshold' 'I' @24  12 (0x0000000c)
 - private final 'loadFactor' 'F' @28  0.750000 (0x3f400000)
 - 'modCount' 'I' @32  0 (0x00000000)
 - 'table' '[Ljava/util/WeakHashMap$Entry;' @36  a 'java/util/WeakHashMap$Entry'[16] {0x0000000703ba69f0} (0xe0774d3e)
 - private final 'queue' 'Ljava/lang/ref/ReferenceQueue;' @40  a 'java/lang/ref/ReferenceQueue'{0x0000000703ba6988} (0xe0774d31)
 - private transient 'entrySet' 'Ljava/util/Set;' @44  null (0x00000000)
stack at sp + 6 slots: 0x0000000703ba6a58 is an oop: java.util.WeakHashMap$KeySet 
{0x0000000703ba6a58} - klass: 'java/util/WeakHashMap$KeySet'
 - ---- fields (total size 2 words):

[error occurred during error reporting (inspecting top of stack, attempt 2), id 0xc0000005, EXCEPTION_ACCESS_VIOLATION (0xc0000005) at pc=0x00007ffd98d14a16]
stack at sp + 7 slots: 0x0000000703ba6a58 is an oop: java.util.WeakHashMap$KeySet 
{0x0000000703ba6a58} - klass: 'java/util/WeakHashMap$KeySet'
 - ---- fields (total size 2 words):

[error occurred during error reporting (inspecting top of stack, attempt 3), id 0xc0000005, EXCEPTION_ACCESS_VIOLATION (0xc0000005) at pc=0x00007ffd98d14a16]
method entry point (kind = zerolocals)  [0x00000209933bba40, 0x00000209933bbe08]  968 bytes
[MachCode]
  0x00000209933bba40: 488b 5308 | 0fb7 4a2e | 0fb7 522c | 2bd1 81fa | f501 0000 | 0f86 2500 | 0000 488b | c248 c1e0 
  0x00000209933bba60: 0348 83c0 | 5849 0387 | d004 0000 | 483b e00f | 870a 0000 | 0058 498b | e550 e901 | acff ff58 
  0x00000209933bba80: 4c8d 74cc | f885 d20f | 8e09 0000 | 0068 0000 | 0000 ffca | 7ff7 5055 | 488b ec41 | 5568 0000 
  0x00000209933bbaa0: 0000 4c8b | 6b08 4d8d | 6d38 5348 | 8b53 0848 | 8b52 0848 | 8b52 1848 | 8b52 7048 | 8b12 5248 
  0x00000209933bbac0: 8b53 1048 | 85d2 0f84 | 0700 0000 | 4881 c208 | 0100 0052 | 488b 5308 | 488b 5208 | 488b 5210 
  0x00000209933bbae0: 5249 8bc6 | 482b c548 | c1e8 0350 | 4155 6800 | 0000 0048 | 8924 2441 | c687 7904 | 0000 0148 
  0x00000209933bbb00: 8b45 d848 | 85c0 0f84 | 9100 0000 | 8b48 fc85 | c90f 8886 | 0000 0048 | 03c1 488b | 4808 4883 
  0x00000209933bbb20: e902 488b | 54c8 1048 | f7da 498b | 14d6 4885 | d275 10f6 | 44c8 1801 | 755d f048 | 834c c818 
  0x00000209933bbb40: 01eb 548b | 5208 49ba | 0000 00a3 | 0902 0000 | 4903 d24c | 8bd2 4833 | 54c8 1848 | f7c2 fcff 
  0x00000209933bbb60: ffff 7433 | f6c2 0275 | 2e48 837c | c818 0074 | 2148 837c | c818 0174 | 1949 8bd2 | 4833 54c8 
  0x00000209933bbb80: 1848 f7c2 | fcff ffff | 740d 4883 | 4cc8 1802 | eb05 4889 | 54c8 1848 | 83e9 0279 | 8548 8b43 
  0x00000209933bbba0: 1048 85c0 | 7420 8b88 | cc00 0000 | 83c1 0289 | 88cc 0000 | 0023 88e0 | 0000 000f | 8496 0100 
  0x00000209933bbbc0: 00e9 cf00 | 0000 488b | 4318 4885 | c00f 85b0 | 0000 00e8 | 0500 0000 | e999 0000 | 0048 8bd3 
  0x00000209933bbbe0: 488d 4424 | 084c 896d | c049 8bcf | c5f8 7749 | 89af a803 | 0000 4989 | 8798 0300 | 0048 83ec 
  0x00000209933bbc00: 2040 f6c4 | 0f0f 8419 | 0000 0048 | 83ec 0848 | b8a0 ffdd | 98fd 7f00 | 00ff d048 | 83c4 08e9 
  0x00000209933bbc20: 0c00 0000 | 48b8 a0ff | dd98 fd7f | 0000 ffd0 | 4883 c420 | 49c7 8798 | 0300 0000 | 0000 0049 
  0x00000209933bbc40: c787 a803 | 0000 0000 | 0000 49c7 | 87a0 0300 | 0000 0000 | 00c5 f877 | 4983 7f08 | 000f 8405 
  0x00000209933bbc60: 0000 00e9 | 9852 ffff | 4c8b 6dc0 | 4c8b 75c8 | 4e8d 74f5 | 00c3 488b | 4318 4885 | c00f 8412 
  0x00000209933bbc80: 0000 008b | 4808 83c1 | 0289 4808 | 2348 1c0f | 84c2 0000 | 0049 3ba7 | e804 0000 | 0f87 4800 
  0x00000209933bbca0: 0000 8984 | 2400 f0ff | ff89 8424 | 00e0 ffff | 8984 2400 | d0ff ff89 | 8424 00c0 | ffff 8984 
  0x00000209933bbcc0: 2400 b0ff | ff89 8424 | 00a0 ffff | 8984 2400 | 90ff ff89 | 8424 0080 | ffff 493b | a7e0 0400 
  0x00000209933bbce0: 0076 0749 | 89a7 e804 | 0000 41c6 | 8779 0400 | 0000 49ba | f0a6 6299 | fd7f 0000 | 4180 3a00 
  0x00000209933bbd00: 0f84 3e00 | 0000 488b | 55e8 498b | cf48 83ec | 2040 f6c4 | 0f0f 8419 | 0000 0048 | 83ec 0848 
  0x00000209933bbd20: b820 b513 | 99fd 7f00 | 00ff d048 | 83c4 08e9 | 0c00 0000 | 48b8 20b5 | 1399 fd7f | 0000 ffd0 
  0x00000209933bbd40: 4883 c420 | 410f b65d | 0049 ba40 | 6f65 99fd | 7f00 0041 | ff24 daba | 0000 0000 | e805 0000 
  0x00000209933bbd60: 00e9 9600 | 0000 488d | 4424 084c | 896d c049 | 8bcf c5f8 | 7749 89af | a803 0000 | 4989 8798 
  0x00000209933bbd80: 0300 0048 | 83ec 2040 | f6c4 0f0f | 8419 0000 | 0048 83ec | 0848 b830 | 0ade 98fd | 7f00 00ff 
  0x00000209933bbda0: d048 83c4 | 08e9 0c00 | 0000 48b8 | 300a de98 | fd7f 0000 | ffd0 4883 | c420 49c7 | 8798 0300 
  0x00000209933bbdc0: 0000 0000 | 0049 c787 | a803 0000 | 0000 0000 | 49c7 87a0 | 0300 0000 | 0000 00c5 | f877 4983 
  0x00000209933bbde0: 7f08 000f | 8405 0000 | 00e9 1251 | ffff 4c8b | 6dc0 4c8b | 75c8 4e8d | 74f5 00c3 | 488b 5de8 
  0x00000209933bbe00: e990 feff | ff66 6690 
[/MachCode]

---------------  P R O C E S S  ---------------

Threads class SMR info:
_java_thread_list=0x00000209e96c77f0, length=28, elements={
0x00000209a22ece50, 0x00000209a22edf20, 0x00000209a22f5110, 0x00000209a22f89b0,
0x00000209a22f6250, 0x00000209a22f9040, 0x00000209a231d940, 0x00000209a2325840,
0x00000209a22f6f70, 0x00000209a22f5bc0, 0x00000209a22f7600, 0x00000209a22f68e0,
0x00000209e91b5770, 0x00000209e91bacc0, 0x00000209e91ba630, 0x00000209e91bc700,
0x00000209e91b9280, 0x00000209e91bb350, 0x00000209e91b71b0, 0x00000209e91b9fa0,
0x00000209e91b8bf0, 0x00000209e91bb9e0, 0x00000209e91b9910, 0x00000209e91bc070,
0x00000209e91bcd90, 0x00000209e91b7840, 0x00000209e91b7ed0, 0x00000209e91b5e00
}

Java Threads: ( => current thread )
  0x00000209a22ece50 JavaThread "Reference Handler"          daemon [_thread_blocked, id=7824, stack(0x000000d3ef300000,0x000000d3ef400000) (1024K)]
  0x00000209a22edf20 JavaThread "Finalizer"                  daemon [_thread_blocked, id=10024, stack(0x000000d3ef400000,0x000000d3ef500000) (1024K)]
  0x00000209a22f5110 JavaThread "Signal Dispatcher"          daemon [_thread_blocked, id=9864, stack(0x000000d3ef500000,0x000000d3ef600000) (1024K)]
  0x00000209a22f89b0 JavaThread "Attach Listener"            daemon [_thread_blocked, id=6260, stack(0x000000d3ef600000,0x000000d3ef700000) (1024K)]
  0x00000209a22f6250 JavaThread "Service Thread"             daemon [_thread_blocked, id=6440, stack(0x000000d3ef700000,0x000000d3ef800000) (1024K)]
  0x00000209a22f9040 JavaThread "Monitor Deflation Thread"   daemon [_thread_blocked, id=11536, stack(0x000000d3ef800000,0x000000d3ef900000) (1024K)]
  0x00000209a231d940 JavaThread "C2 CompilerThread0"         daemon [_thread_blocked, id=7384, stack(0x000000d3ef900000,0x000000d3efa00000) (1024K)]
  0x00000209a2325840 JavaThread "C1 CompilerThread0"         daemon [_thread_blocked, id=12456, stack(0x000000d3efa00000,0x000000d3efb00000) (1024K)]
  0x00000209a22f6f70 JavaThread "Notification Thread"        daemon [_thread_blocked, id=7916, stack(0x000000d3efb00000,0x000000d3efc00000) (1024K)]
  0x00000209a22f5bc0 JavaThread "Common-Cleaner"             daemon [_thread_blocked, id=12196, stack(0x000000d3efc00000,0x000000d3efd00000) (1024K)]
  0x00000209a22f7600 JavaThread "Catalina-utility-1"                [_thread_blocked, id=5372, stack(0x000000d3f0100000,0x000000d3f0200000) (1024K)]
  0x00000209a22f68e0 JavaThread "Catalina-utility-2"                [_thread_blocked, id=11440, stack(0x000000d3f0200000,0x000000d3f0300000) (1024K)]
  0x00000209e91b5770 JavaThread "container-0"                       [_thread_blocked, id=12496, stack(0x000000d3f0300000,0x000000d3f0400000) (1024K)]
  0x00000209e91bacc0 JavaThread "mysql-cj-abandoned-connection-cleanup" daemon [_thread_blocked, id=7932, stack(0x000000d3f0400000,0x000000d3f0500000) (1024K)]
  0x00000209e91ba630 JavaThread "http-nio-8080-exec-1"       daemon [_thread_blocked, id=12788, stack(0x000000d3f0500000,0x000000d3f0600000) (1024K)]
  0x00000209e91bc700 JavaThread "http-nio-8080-exec-2"       daemon [_thread_blocked, id=11828, stack(0x000000d3f0600000,0x000000d3f0700000) (1024K)]
  0x00000209e91b9280 JavaThread "http-nio-8080-exec-3"       daemon [_thread_blocked, id=7464, stack(0x000000d3f0700000,0x000000d3f0800000) (1024K)]
  0x00000209e91bb350 JavaThread "http-nio-8080-exec-4"       daemon [_thread_blocked, id=1716, stack(0x000000d3f0800000,0x000000d3f0900000) (1024K)]
  0x00000209e91b71b0 JavaThread "http-nio-8080-exec-5"       daemon [_thread_blocked, id=13208, stack(0x000000d3f0900000,0x000000d3f0a00000) (1024K)]
  0x00000209e91b9fa0 JavaThread "http-nio-8080-exec-6"       daemon [_thread_blocked, id=4972, stack(0x000000d3f0a00000,0x000000d3f0b00000) (1024K)]
  0x00000209e91b8bf0 JavaThread "http-nio-8080-exec-7"       daemon [_thread_blocked, id=312, stack(0x000000d3f0b00000,0x000000d3f0c00000) (1024K)]
  0x00000209e91bb9e0 JavaThread "http-nio-8080-exec-8"       daemon [_thread_blocked, id=9616, stack(0x000000d3f0c00000,0x000000d3f0d00000) (1024K)]
  0x00000209e91b9910 JavaThread "http-nio-8080-exec-9"       daemon [_thread_blocked, id=10880, stack(0x000000d3f0d00000,0x000000d3f0e00000) (1024K)]
=>0x00000209e91bc070 JavaThread "http-nio-8080-exec-10"      daemon [_thread_in_Java, id=4224, stack(0x000000d3f0e00000,0x000000d3f0f00000) (1024K)]
  0x00000209e91bcd90 JavaThread "http-nio-8080-Poller"       daemon [_thread_in_native, id=6500, stack(0x000000d3f0f00000,0x000000d3f1000000) (1024K)]
  0x00000209e91b7840 JavaThread "http-nio-8080-Acceptor"     daemon [_thread_in_native, id=12352, stack(0x000000d3f1000000,0x000000d3f1100000) (1024K)]
  0x00000209e91b7ed0 JavaThread "DestroyJavaVM"                     [_thread_blocked, id=5600, stack(0x000000d3eeb00000,0x000000d3eec00000) (1024K)]
  0x00000209e91b5e00 JavaThread "HikariPool-1 housekeeper"   daemon [_thread_blocked, id=124, stack(0x000000d3f1100000,0x000000d3f1200000) (1024K)]
Total: 28

Other Threads:
  0x00000209a22d4eb0 VMThread "VM Thread"                           [id=2972, stack(0x000000d3ef200000,0x000000d3ef300000) (1024K)]
  0x00000209a22bf240 WatcherThread "VM Periodic Task Thread"        [id=9536, stack(0x000000d3ef100000,0x000000d3ef200000) (1024K)]
  0x0000020983a6a550 WorkerThread "GC Thread#0"                     [id=10684, stack(0x000000d3eec00000,0x000000d3eed00000) (1024K)]
  0x00000209a2b6ea80 WorkerThread "GC Thread#1"                     [id=7120, stack(0x000000d3efe00000,0x000000d3eff00000) (1024K)]
  0x00000209a2b6ee20 WorkerThread "GC Thread#2"                     [id=3544, stack(0x000000d3eff00000,0x000000d3f0000000) (1024K)]
  0x00000209a2b6f1c0 WorkerThread "GC Thread#3"                     [id=10348, stack(0x000000d3f0000000,0x000000d3f0100000) (1024K)]
  0x0000020983a7c320 ConcurrentGCThread "G1 Main Marker"            [id=10336, stack(0x000000d3eed00000,0x000000d3eee00000) (1024K)]
  0x0000020983a7cee0 WorkerThread "G1 Conc#0"                       [id=8544, stack(0x000000d3eee00000,0x000000d3eef00000) (1024K)]
  0x00000209a21834e0 ConcurrentGCThread "G1 Refine#0"               [id=10596, stack(0x000000d3eef00000,0x000000d3ef000000) (1024K)]
  0x0000020983aca780 ConcurrentGCThread "G1 Service"                [id=8636, stack(0x000000d3ef000000,0x000000d3ef100000) (1024K)]
Total: 10

Threads with active compile tasks:
Total: 0

VM state: not at safepoint (normal execution)

VM Mutex/Monitor currently owned by a thread: None

Heap address: 0x0000000701a00000, size: 4070 MB, Compressed Oops mode: Zero based, Oop shift amount: 3

CDS archive(s) mapped at: [0x00000209a3000000-0x00000209a3c90000-0x00000209a3c90000), size 13172736, SharedBaseAddress: 0x00000209a3000000, ArchiveRelocationMode: 1.
Compressed class space mapped at: 0x00000209a4000000-0x00000209e4000000, reserved size: 1073741824
Narrow klass base: 0x00000209a3000000, Narrow klass shift: 0, Narrow klass range: 0x100000000

GC Precious Log:
 CardTable entry size: 512
 Card Set container configuration: InlinePtr #cards 4 size 8 Array Of Cards #cards 16 size 48 Howl #buckets 8 coarsen threshold 3686 Howl Bitmap #cards 512 size 80 coarsen threshold 460 Card regions per heap region 1 cards per card region 4096
 CPUs: 4 total, 4 available
 Memory: 16279M
 Large Page Support: Disabled
 NUMA Support: Disabled
 Compressed Oops: Enabled (Zero based)
 Heap Region Size: 2M
 Heap Min Capacity: 8M
 Heap Initial Capacity: 256M
 Heap Max Capacity: 4070M
 Pre-touch: Disabled
 Parallel Workers: 4
 Concurrent Workers: 1
 Concurrent Refinement Workers: 4
 Periodic GC: Disabled

Heap:
 garbage-first heap   total 49152K, used 35609K [0x0000000701a00000, 0x0000000800000000)
  region size 2048K, 10 young (20480K), 2 survivors (4096K)
 Metaspace       used 43582K, committed 44160K, reserved 1114112K
  class space    used 5331K, committed 5568K, reserved 1048576K

Heap Regions: E=young(eden), S=young(survivor), O=old, HS=humongous(starts), HC=humongous(continues), CS=collection set, F=free, TAMS=top-at-mark-start, PB=parsable bottom
|   0|0x0000000701a00000, 0x0000000701c00000, 0x0000000701c00000|100%| O|  |TAMS 0x0000000701a00000| PB 0x0000000701a00000| Untracked 
|   1|0x0000000701c00000, 0x0000000701dea548, 0x0000000701e00000| 95%| O|  |TAMS 0x0000000701c00000| PB 0x0000000701c00000| Untracked 
|   2|0x0000000701e00000, 0x0000000702000000, 0x0000000702000000|100%| O|  |TAMS 0x0000000701e00000| PB 0x0000000701e00000| Untracked 
|   3|0x0000000702000000, 0x0000000702200000, 0x0000000702200000|100%| O|  |TAMS 0x0000000702000000| PB 0x0000000702000000| Untracked 
|   4|0x0000000702200000, 0x0000000702400000, 0x0000000702400000|100%| O|  |TAMS 0x0000000702200000| PB 0x0000000702200000| Untracked 
|   5|0x0000000702400000, 0x0000000702600000, 0x0000000702600000|100%| O|  |TAMS 0x0000000702400000| PB 0x0000000702400000| Untracked 
|   6|0x0000000702600000, 0x0000000702800000, 0x0000000702800000|100%| O|Cm|TAMS 0x0000000702600000| PB 0x0000000702600000| Complete 
|   7|0x0000000702800000, 0x0000000702a00000, 0x0000000702a00000|100%| O|  |TAMS 0x0000000702800000| PB 0x0000000702800000| Untracked 
|   8|0x0000000702a00000, 0x0000000702bdb980, 0x0000000702c00000| 92%| O|  |TAMS 0x0000000702a00000| PB 0x0000000702a00000| Untracked 
|   9|0x0000000702c00000, 0x0000000702c00000, 0x0000000702e00000|  0%| F|  |TAMS 0x0000000702c00000| PB 0x0000000702c00000| Untracked 
|  10|0x0000000702e00000, 0x0000000702e00000, 0x0000000703000000|  0%| F|  |TAMS 0x0000000702e00000| PB 0x0000000702e00000| Untracked 
|  11|0x0000000703000000, 0x0000000703100930, 0x0000000703200000| 50%| S|CS|TAMS 0x0000000703000000| PB 0x0000000703000000| Complete 
|  12|0x0000000703200000, 0x0000000703400000, 0x0000000703400000|100%| S|CS|TAMS 0x0000000703200000| PB 0x0000000703200000| Complete 
|  13|0x0000000703400000, 0x0000000703400000, 0x0000000703600000|  0%| F|  |TAMS 0x0000000703400000| PB 0x0000000703400000| Untracked 
|  14|0x0000000703600000, 0x0000000703600000, 0x0000000703800000|  0%| F|  |TAMS 0x0000000703600000| PB 0x0000000703600000| Untracked 
|  15|0x0000000703800000, 0x0000000703800000, 0x0000000703a00000|  0%| F|  |TAMS 0x0000000703800000| PB 0x0000000703800000| Untracked 
|  16|0x0000000703a00000, 0x0000000703bae250, 0x0000000703c00000| 84%| E|  |TAMS 0x0000000703a00000| PB 0x0000000703a00000| Complete 
|  17|0x0000000703c00000, 0x0000000703e00000, 0x0000000703e00000|100%| E|CS|TAMS 0x0000000703c00000| PB 0x0000000703c00000| Complete 
|  18|0x0000000703e00000, 0x0000000704000000, 0x0000000704000000|100%| E|CS|TAMS 0x0000000703e00000| PB 0x0000000703e00000| Complete 
| 100|0x000000070e200000, 0x000000070e400000, 0x000000070e400000|100%| E|CS|TAMS 0x000000070e200000| PB 0x000000070e200000| Complete 
| 101|0x000000070e400000, 0x000000070e600000, 0x000000070e600000|100%| E|CS|TAMS 0x000000070e400000| PB 0x000000070e400000| Complete 
| 102|0x000000070e600000, 0x000000070e800000, 0x000000070e800000|100%| E|CS|TAMS 0x000000070e600000| PB 0x000000070e600000| Complete 
| 103|0x000000070e800000, 0x000000070ea00000, 0x000000070ea00000|100%| E|CS|TAMS 0x000000070e800000| PB 0x000000070e800000| Complete 
| 127|0x0000000711800000, 0x0000000711a00000, 0x0000000711a00000|100%| E|CS|TAMS 0x0000000711800000| PB 0x0000000711800000| Complete 

Card table byte_map: [0x000002099b680000,0x000002099be80000] _byte_map_base: 0x0000020997e73000

Marking Bits: (CMBitMap*) 0x0000020983a6bb70
 Bits: [0x000002099be80000, 0x000002099fe18000)

Polling page: 0x00000209831d0000

Metaspace:

Usage:
  Non-class:     37.35 MB used.
      Class:      5.21 MB used.
       Both:     42.56 MB used.

Virtual space:
  Non-class space:       64.00 MB reserved,      37.69 MB ( 59%) committed,  1 nodes.
      Class space:        1.00 GB reserved,       5.44 MB ( <1%) committed,  1 nodes.
             Both:        1.06 GB reserved,      43.12 MB (  4%) committed. 

Chunk freelists:
   Non-Class:  9.89 MB
       Class:  10.39 MB
        Both:  20.28 MB

MaxMetaspaceSize: unlimited
CompressedClassSpaceSize: 1.00 GB
Initial GC threshold: 21.00 MB
Current GC threshold: 59.31 MB
CDS: on
 - commit_granule_bytes: 65536.
 - commit_granule_words: 8192.
 - virtual_space_node_default_size: 8388608.
 - enlarge_chunks_in_place: 1.
 - use_allocation_guard: 0.


Internal statistics:

num_allocs_failed_limit: 6.
num_arena_births: 768.
num_arena_deaths: 0.
num_vsnodes_births: 2.
num_vsnodes_deaths: 0.
num_space_committed: 690.
num_space_uncommitted: 0.
num_chunks_returned_to_freelist: 6.
num_chunks_taken_from_freelist: 2253.
num_chunk_merges: 6.
num_chunk_splits: 1516.
num_chunks_enlarged: 1061.
num_inconsistent_stats: 0.

CodeHeap 'non-profiled nmethods': size=120000Kb used=3554Kb max_used=3554Kb free=116445Kb
 bounds [0x0000020993950000, 0x0000020993cd0000, 0x000002099ae80000]
CodeHeap 'profiled nmethods': size=120000Kb used=11057Kb max_used=11057Kb free=108943Kb
 bounds [0x000002098be80000, 0x000002098c950000, 0x00000209933b0000]
CodeHeap 'non-nmethods': size=5760Kb used=1614Kb max_used=1662Kb free=4145Kb
 bounds [0x00000209933b0000, 0x0000020993620000, 0x0000020993950000]
 total_blobs=6228 nmethods=5568 adapters=563
 compilation: enabled
              stopped_count=0, restarted_count=0
 full_count=0

Compilation events (20 events):
Event: 85186.062 Thread 0x00000209a2325840 6023       1       sun.reflect.generics.reflectiveObjects.ParameterizedTypeImpl::getOwnerType (5 bytes)
Event: 85186.062 Thread 0x00000209a2325840 nmethod 6023 0x0000020993cc2510 code [0x0000020993cc26a0, 0x0000020993cc2770]
Event: 85186.064 Thread 0x00000209a231d940 nmethod 6018 0x0000020993cc2810 code [0x0000020993cc29c0, 0x0000020993cc3008]
Event: 85186.064 Thread 0x00000209a231d940 6024       4       java.lang.reflect.Method::copy (84 bytes)
Event: 85186.067 Thread 0x00000209a2325840 6026       3       com.mysql.cj.util.StringInspector::indexOfNextChar (9 bytes)
Event: 85186.067 Thread 0x00000209a2325840 nmethod 6026 0x000002098c94ae10 code [0x000002098c94afc0, 0x000002098c94b108]
Event: 85186.067 Thread 0x00000209a2325840 6028       3       java.lang.String::getBytes (16 bytes)
Event: 85186.067 Thread 0x00000209a2325840 nmethod 6028 0x000002098c94b190 code [0x000002098c94b3c0, 0x000002098c94ba60]
Event: 85186.068 Thread 0x00000209a2325840 6027       3       com.mysql.cj.util.StringInspector::incrementPosition (9 bytes)
Event: 85186.068 Thread 0x00000209a2325840 nmethod 6027 0x000002098c94bd90 code [0x000002098c94bf40, 0x000002098c94c0a0]
Event: 85186.068 Thread 0x00000209a2325840 6029       3       com.mysql.cj.protocol.a.TimeTrackingPacketSender::send (28 bytes)
Event: 85186.068 Thread 0x00000209a231d940 nmethod 6024 0x0000020993cc3210 code [0x0000020993cc33a0, 0x0000020993cc36d0]
Event: 85186.068 Thread 0x00000209a2325840 nmethod 6029 0x000002098c94c190 code [0x000002098c94c340, 0x000002098c94c560]
Event: 85186.068 Thread 0x00000209a231d940 6025       4       java.lang.reflect.Method::<init> (68 bytes)
Event: 85186.070 Thread 0x00000209a2325840 6030       3       java.lang.StringUTF16::length (5 bytes)
Event: 85186.070 Thread 0x00000209a2325840 nmethod 6030 0x000002098c94c690 code [0x000002098c94c820, 0x000002098c94c918]
Event: 85186.085 Thread 0x00000209a231d940 nmethod 6025 0x0000020993cc3790 code [0x0000020993cc3940, 0x0000020993cc4310]
Event: 85186.085 Thread 0x00000209a231d940 6019       4       java.util.HashSet::contains (9 bytes)
Event: 85186.094 Thread 0x00000209a231d940 nmethod 6019 0x0000020993cc4390 code [0x0000020993cc45a0, 0x0000020993cc4c08]
Event: 85186.099 Thread 0x00000209a231d940 6031 %     4       java.text.MessageFormat::applyPattern @ 34 (422 bytes)

GC Heap History (18 events):
Event: 0.893 GC heap before
{Heap before GC invocations=0 (full 0):
 garbage-first heap   total 262144K, used 10240K [0x0000000701a00000, 0x0000000800000000)
  region size 2048K, 6 young (12288K), 0 survivors (0K)
 Metaspace       used 3751K, committed 3904K, reserved 1114112K
  class space    used 404K, committed 448K, reserved 1048576K
}
Event: 0.898 GC heap after
{Heap after GC invocations=1 (full 0):
 garbage-first heap   total 262144K, used 3896K [0x0000000701a00000, 0x0000000800000000)
  region size 2048K, 1 young (2048K), 1 survivors (2048K)
 Metaspace       used 3751K, committed 3904K, reserved 1114112K
  class space    used 404K, committed 448K, reserved 1048576K
}
Event: 1.426 GC heap before
{Heap before GC invocations=1 (full 0):
 garbage-first heap   total 262144K, used 14136K [0x0000000701a00000, 0x0000000800000000)
  region size 2048K, 6 young (12288K), 1 survivors (2048K)
 Metaspace       used 6681K, committed 6976K, reserved 1114112K
  class space    used 799K, committed 960K, reserved 1048576K
}
Event: 1.430 GC heap after
{Heap after GC invocations=2 (full 0):
 garbage-first heap   total 262144K, used 4978K [0x0000000701a00000, 0x0000000800000000)
  region size 2048K, 1 young (2048K), 1 survivors (2048K)
 Metaspace       used 6681K, committed 6976K, reserved 1114112K
  class space    used 799K, committed 960K, reserved 1048576K
}
Event: 2.471 GC heap before
{Heap before GC invocations=2 (full 0):
 garbage-first heap   total 262144K, used 31602K [0x0000000701a00000, 0x0000000800000000)
  region size 2048K, 15 young (30720K), 1 survivors (2048K)
 Metaspace       used 14033K, committed 14272K, reserved 1114112K
  class space    used 1680K, committed 1792K, reserved 1048576K
}
Event: 2.476 GC heap after
{Heap after GC invocations=3 (full 0):
 garbage-first heap   total 262144K, used 7103K [0x0000000701a00000, 0x0000000800000000)
  region size 2048K, 2 young (4096K), 2 survivors (4096K)
 Metaspace       used 14033K, committed 14272K, reserved 1114112K
  class space    used 1680K, committed 1792K, reserved 1048576K
}
Event: 4.729 GC heap before
{Heap before GC invocations=3 (full 0):
 garbage-first heap   total 262144K, used 50111K [0x0000000701a00000, 0x0000000800000000)
  region size 2048K, 24 young (49152K), 2 survivors (4096K)
 Metaspace       used 21140K, committed 21504K, reserved 1114112K
  class space    used 2594K, committed 2752K, reserved 1048576K
}
Event: 4.742 GC heap after
{Heap after GC invocations=4 (full 0):
 garbage-first heap   total 262144K, used 11351K [0x0000000701a00000, 0x0000000800000000)
  region size 2048K, 4 young (8192K), 4 survivors (8192K)
 Metaspace       used 21140K, committed 21504K, reserved 1114112K
  class space    used 2594K, committed 2752K, reserved 1048576K
}
Event: 5.869 GC heap before
{Heap before GC invocations=5 (full 0):
 garbage-first heap   total 49152K, used 31831K [0x0000000701a00000, 0x0000000800000000)
  region size 2048K, 14 young (28672K), 4 survivors (8192K)
 Metaspace       used 25430K, committed 25920K, reserved 1114112K
  class space    used 3152K, committed 3392K, reserved 1048576K
}
Event: 5.885 GC heap after
{Heap after GC invocations=6 (full 0):
 garbage-first heap   total 49152K, used 13678K [0x0000000701a00000, 0x0000000800000000)
  region size 2048K, 2 young (4096K), 2 survivors (4096K)
 Metaspace       used 25430K, committed 25920K, reserved 1114112K
  class space    used 3152K, committed 3392K, reserved 1048576K
}
Event: 7.423 GC heap before
{Heap before GC invocations=6 (full 0):
 garbage-first heap   total 49152K, used 36206K [0x0000000701a00000, 0x0000000800000000)
  region size 2048K, 13 young (26624K), 2 survivors (4096K)
 Metaspace       used 29273K, committed 29824K, reserved 1114112K
  class space    used 3697K, committed 3968K, reserved 1048576K
}
Event: 7.431 GC heap after
{Heap after GC invocations=7 (full 0):
 garbage-first heap   total 49152K, used 15630K [0x0000000701a00000, 0x0000000800000000)
  region size 2048K, 2 young (4096K), 2 survivors (4096K)
 Metaspace       used 29273K, committed 29824K, reserved 1114112K
  class space    used 3697K, committed 3968K, reserved 1048576K
}
Event: 473.157 GC heap before
{Heap before GC invocations=7 (full 0):
 garbage-first heap   total 49152K, used 36110K [0x0000000701a00000, 0x0000000800000000)
  region size 2048K, 13 young (26624K), 2 survivors (4096K)
 Metaspace       used 33401K, committed 33984K, reserved 1114112K
  class space    used 4218K, committed 4480K, reserved 1048576K
}
Event: 473.168 GC heap after
{Heap after GC invocations=8 (full 0):
 garbage-first heap   total 49152K, used 18270K [0x0000000701a00000, 0x0000000800000000)
  region size 2048K, 2 young (4096K), 2 survivors (4096K)
 Metaspace       used 33401K, committed 33984K, reserved 1114112K
  class space    used 4218K, committed 4480K, reserved 1048576K
}
Event: 473.831 GC heap before
{Heap before GC invocations=8 (full 0):
 garbage-first heap   total 49152K, used 24414K [0x0000000701a00000, 0x0000000800000000)
  region size 2048K, 6 young (12288K), 2 survivors (4096K)
 Metaspace       used 35646K, committed 36160K, reserved 1114112K
  class space    used 4447K, committed 4672K, reserved 1048576K
}
Event: 473.838 GC heap after
{Heap after GC invocations=9 (full 0):
 garbage-first heap   total 49152K, used 19148K [0x0000000701a00000, 0x0000000800000000)
  region size 2048K, 1 young (2048K), 1 survivors (2048K)
 Metaspace       used 35646K, committed 36160K, reserved 1114112K
  class space    used 4447K, committed 4672K, reserved 1048576K
}
Event: 79919.439 GC heap before
{Heap before GC invocations=10 (full 0):
 garbage-first heap   total 49152K, used 37580K [0x0000000701a00000, 0x0000000800000000)
  region size 2048K, 11 young (22528K), 1 survivors (2048K)
 Metaspace       used 42418K, committed 43008K, reserved 1114112K
  class space    used 5180K, committed 5440K, reserved 1048576K
}
Event: 79919.446 GC heap after
{Heap after GC invocations=11 (full 0):
 garbage-first heap   total 49152K, used 21273K [0x0000000701a00000, 0x0000000800000000)
  region size 2048K, 2 young (4096K), 2 survivors (4096K)
 Metaspace       used 42418K, committed 43008K, reserved 1114112K
  class space    used 5180K, committed 5440K, reserved 1048576K
}

Dll operation events (10 events):
Event: 0.034 Loaded shared library C:\Program Files\Java\jdk-21\bin\java.dll
Event: 0.094 Loaded shared library C:\Program Files\Java\jdk-21\bin\jsvml.dll
Event: 0.198 Loaded shared library C:\Program Files\Java\jdk-21\bin\net.dll
Event: 0.201 Loaded shared library C:\Program Files\Java\jdk-21\bin\nio.dll
Event: 0.204 Loaded shared library C:\Program Files\Java\jdk-21\bin\zip.dll
Event: 0.400 Loaded shared library C:\Program Files\Java\jdk-21\bin\jimage.dll
Event: 2.900 Loaded shared library C:\Program Files\Java\jdk-21\bin\sunmscapi.dll
Event: 5.898 Loaded shared library C:\Program Files\Java\jdk-21\bin\management.dll
Event: 5.901 Loaded shared library C:\Program Files\Java\jdk-21\bin\management_ext.dll
Event: 8.220 Loaded shared library C:\Program Files\Java\jdk-21\bin\extnet.dll

Deoptimization events (20 events):
Event: 81683.778 Thread 0x00000209e91b6b20 DEOPT PACKING pc=0x0000020993c8d404 sp=0x000000d3eeafdb80
Event: 81683.778 Thread 0x00000209e91b6b20 DEOPT UNPACKING pc=0x00000209934046a2 sp=0x000000d3eeafdb68 mode 2
Event: 81683.778 Thread 0x00000209e91b6b20 Uncommon trap: trap_request=0xffffffbe fr.pc=0x0000020993c8d404 relative=0x0000000000000a84
Event: 81683.778 Thread 0x00000209e91b6b20 Uncommon trap: reason=profile_predicate action=maybe_recompile pc=0x0000020993c8d404 method=java.math.BigInteger.montReduce([I[III)[I @ 56 c2
Event: 81683.779 Thread 0x00000209e91b6b20 DEOPT PACKING pc=0x0000020993c8d404 sp=0x000000d3eeafdca0
Event: 81683.779 Thread 0x00000209e91b6b20 DEOPT UNPACKING pc=0x00000209934046a2 sp=0x000000d3eeafdc88 mode 2
Event: 81683.779 Thread 0x00000209e91b6b20 Uncommon trap: trap_request=0xffffffbe fr.pc=0x0000020993c8d404 relative=0x0000000000000a84
Event: 81683.779 Thread 0x00000209e91b6b20 Uncommon trap: reason=profile_predicate action=maybe_recompile pc=0x0000020993c8d404 method=java.math.BigInteger.montReduce([I[III)[I @ 56 c2
Event: 81683.779 Thread 0x00000209e91b6b20 DEOPT PACKING pc=0x0000020993c8d404 sp=0x000000d3eeafdb90
Event: 81683.779 Thread 0x00000209e91b6b20 DEOPT UNPACKING pc=0x00000209934046a2 sp=0x000000d3eeafdb58 mode 2
Event: 81694.570 Thread 0x00000209e91b6b20 DEOPT PACKING pc=0x000002098c810591 sp=0x000000d3eeafdb30
Event: 81694.571 Thread 0x00000209e91b6b20 DEOPT UNPACKING pc=0x0000020993404e42 sp=0x000000d3eeafcfa8 mode 0
Event: 83498.438 Thread 0x00000209e91b6b20 Uncommon trap: trap_request=0xffffffdc fr.pc=0x0000020993caaf9c relative=0x000000000000025c
Event: 83498.438 Thread 0x00000209e91b6b20 Uncommon trap: reason=class_check action=make_not_entrant pc=0x0000020993caaf9c method=java.util.ArrayList.toArray([Ljava/lang/Object;)[Ljava/lang/Object; @ 21 c2
Event: 83498.438 Thread 0x00000209e91b6b20 DEOPT PACKING pc=0x0000020993caaf9c sp=0x000000d3eeafe740
Event: 83498.439 Thread 0x00000209e91b6b20 DEOPT UNPACKING pc=0x00000209934046a2 sp=0x000000d3eeafe700 mode 2
Event: 84887.886 Thread 0x00000209e91bb9e0 Uncommon trap: trap_request=0xffffff45 fr.pc=0x0000020993a831a0 relative=0x0000000000000340
Event: 84887.886 Thread 0x00000209e91bb9e0 Uncommon trap: reason=unstable_if action=reinterpret pc=0x0000020993a831a0 method=java.util.HashMap.getNode(Ljava/lang/Object;)Ljava/util/HashMap$Node; @ 66 c2
Event: 84887.886 Thread 0x00000209e91bb9e0 DEOPT PACKING pc=0x0000020993a831a0 sp=0x000000d3f0cfca00
Event: 84887.886 Thread 0x00000209e91bb9e0 DEOPT UNPACKING pc=0x00000209934046a2 sp=0x000000d3f0cfc930 mode 2

Classes loaded (20 events):
Event: 84887.796 Loading class jdk/internal/reflect/AccessorUtils
Event: 84887.797 Loading class jdk/internal/reflect/AccessorUtils done
Event: 84887.822 Loading class jdk/internal/loader/BootLoader$PackageHelper
Event: 84887.823 Loading class jdk/internal/loader/BootLoader$PackageHelper done
Event: 84887.844 Loading class java/util/stream/ReferencePipeline$4
Event: 84887.845 Loading class java/util/stream/ReferencePipeline$4 done
Event: 84887.845 Loading class java/util/function/IntBinaryOperator
Event: 84887.845 Loading class java/util/function/IntBinaryOperator done
Event: 84887.845 Loading class java/util/stream/ReduceOps$7
Event: 84887.847 Loading class java/util/stream/ReduceOps$7 done
Event: 84887.847 Loading class java/util/stream/ReduceOps$6ReducingSink
Event: 84887.848 Loading class java/util/stream/ReduceOps$6ReducingSink done
Event: 84887.848 Loading class java/util/stream/ReferencePipeline$4$1
Event: 84887.848 Loading class java/util/stream/ReferencePipeline$4$1 done
Event: 85186.039 Loading class java/util/UUID$Holder
Event: 85186.039 Loading class java/util/UUID$Holder done
Event: 85186.042 Loading class java/io/FileOutputStream$1
Event: 85186.042 Loading class java/io/FileOutputStream$1 done
Event: 85186.132 Loading class java/lang/StringIndexOutOfBoundsException
Event: 85186.132 Loading class java/lang/StringIndexOutOfBoundsException done

Classes unloaded (0 events):
No events

Classes redefined (0 events):
No events

Internal exceptions (20 events):
Event: 81683.760 Thread 0x00000209e91b6490 Exception <a 'java/net/SocketException'{0x000000070e9b62f8}: Connection reset by peer: shutdown> (0x000000070e9b62f8) 
thrown [s\open\src\hotspot\share\prims\jni.cpp, line 539]
Event: 81694.544 Thread 0x00000209e91b6490 Exception <a 'java/io/IOException'{0x000000070e675f70}> (0x000000070e675f70) 
thrown [s\open\src\hotspot\share\prims\jni.cpp, line 520]
Event: 81710.969 Thread 0x00000209e91b8560 Exception <a 'java/io/IOException'{0x000000070e6dbee0}> (0x000000070e6dbee0) 
thrown [s\open\src\hotspot\share\prims\jni.cpp, line 520]
Event: 81719.811 Thread 0x00000209e91b6490 Exception <a 'java/io/IOException'{0x000000070e7423b0}> (0x000000070e7423b0) 
thrown [s\open\src\hotspot\share\prims\jni.cpp, line 520]
Event: 81719.812 Thread 0x00000209e91b6490 Exception <a 'java/io/IOException'{0x000000070e742fd0}> (0x000000070e742fd0) 
thrown [s\open\src\hotspot\share\prims\jni.cpp, line 520]
Event: 81726.561 Thread 0x00000209e91b8560 Exception <a 'java/io/IOException'{0x000000070e7a8df8}> (0x000000070e7a8df8) 
thrown [s\open\src\hotspot\share\prims\jni.cpp, line 520]
Event: 81726.562 Thread 0x00000209e91b8560 Exception <a 'java/io/IOException'{0x000000070e7a9a18}> (0x000000070e7a9a18) 
thrown [s\open\src\hotspot\share\prims\jni.cpp, line 520]
Event: 81729.713 Thread 0x00000209e91b8560 Exception <a 'java/io/IOException'{0x000000070e7aba30}> (0x000000070e7aba30) 
thrown [s\open\src\hotspot\share\prims\jni.cpp, line 520]
Event: 81729.714 Thread 0x00000209e91b8560 Exception <a 'java/io/IOException'{0x000000070e7ac650}> (0x000000070e7ac650) 
thrown [s\open\src\hotspot\share\prims\jni.cpp, line 520]
Event: 81729.900 Thread 0x00000209e91b8560 Exception <a 'java/io/IOException'{0x000000070e7ae4f8}> (0x000000070e7ae4f8) 
thrown [s\open\src\hotspot\share\prims\jni.cpp, line 520]
Event: 81729.900 Thread 0x00000209e91b8560 Exception <a 'java/io/IOException'{0x000000070e7af118}> (0x000000070e7af118) 
thrown [s\open\src\hotspot\share\prims\jni.cpp, line 520]
Event: 83464.178 Thread 0x00000209e91b6490 Exception <a 'java/io/IOException'{0x000000070e5e2210}> (0x000000070e5e2210) 
thrown [s\open\src\hotspot\share\prims\jni.cpp, line 520]
Event: 83464.178 Thread 0x00000209e91b6490 Exception <a 'java/io/IOException'{0x000000070e5e2e30}> (0x000000070e5e2e30) 
thrown [s\open\src\hotspot\share\prims\jni.cpp, line 520]
Event: 83466.051 Thread 0x00000209e91b6490 Exception <a 'java/io/IOException'{0x000000070e5e4e70}> (0x000000070e5e4e70) 
thrown [s\open\src\hotspot\share\prims\jni.cpp, line 520]
Event: 83486.794 Thread 0x00000209e91b6490 Exception <a 'java/io/IOException'{0x000000070e30a210}> (0x000000070e30a210) 
thrown [s\open\src\hotspot\share\prims\jni.cpp, line 520]
Event: 83491.671 Thread 0x00000209e91b6490 Exception <a 'java/net/SocketException'{0x000000070e30c090}: Connection reset by peer: shutdown> (0x000000070e30c090) 
thrown [s\open\src\hotspot\share\prims\jni.cpp, line 539]
Event: 83498.429 Thread 0x00000209e91b6490 Exception <a 'java/io/IOException'{0x0000000703e2d3c0}> (0x0000000703e2d3c0) 
thrown [s\open\src\hotspot\share\prims\jni.cpp, line 520]
Event: 83498.430 Thread 0x00000209e91b6490 Exception <a 'java/io/IOException'{0x0000000703e2dfe0}> (0x0000000703e2dfe0) 
thrown [s\open\src\hotspot\share\prims\jni.cpp, line 520]
Event: 83499.298 Thread 0x00000209e91b6490 Exception <a 'java/net/SocketException'{0x0000000703e2ffd0}: Connection reset by peer: shutdown> (0x0000000703e2ffd0) 
thrown [s\open\src\hotspot\share\prims\jni.cpp, line 539]
Event: 84887.796 Thread 0x00000209e91bb9e0 Exception <a 'java/lang/NullPointerException'{0x0000000703cdc4d0}> (0x0000000703cdc4d0) 
thrown [s\open\src\hotspot\share\interpreter\linkResolver.cpp, line 1456]

ZGC Phase Switch (0 events):
No events

VM Operations (20 events):
Event: 82055.395 Executing VM operation: Cleanup
Event: 82055.395 Executing VM operation: Cleanup done
Event: 82056.408 Executing VM operation: Cleanup
Event: 82056.408 Executing VM operation: Cleanup done
Event: 83433.714 Executing VM operation: Cleanup
Event: 83433.714 Executing VM operation: Cleanup done
Event: 83464.988 Executing VM operation: Cleanup
Event: 83464.988 Executing VM operation: Cleanup done
Event: 83475.089 Executing VM operation: Cleanup
Event: 83475.089 Executing VM operation: Cleanup done
Event: 83487.197 Executing VM operation: Cleanup
Event: 83487.197 Executing VM operation: Cleanup done
Event: 83499.313 Executing VM operation: Cleanup
Event: 83499.313 Executing VM operation: Cleanup done
Event: 83500.324 Executing VM operation: Cleanup
Event: 83500.324 Executing VM operation: Cleanup done
Event: 83524.542 Executing VM operation: Cleanup
Event: 83524.542 Executing VM operation: Cleanup done
Event: 84888.264 Executing VM operation: Cleanup
Event: 84888.264 Executing VM operation: Cleanup done

Events (20 events):
Event: 83464.044 Thread 0x00000209e91b6490 Thread added: 0x00000209e91b6490
Event: 83464.179 Thread 0x00000209e91b6b20 Thread added: 0x00000209e91b6b20
Event: 83471.052 Thread 0x00000209e91b6490 Thread exited: 0x00000209e91b6490
Event: 83471.113 Thread 0x00000209e91b6b20 Thread exited: 0x00000209e91b6b20
Event: 83474.076 Thread 0x00000209e91b6490 Thread added: 0x00000209e91b6490
Event: 83474.078 Thread 0x00000209e91b6b20 Thread added: 0x00000209e91b6b20
Event: 83479.088 Thread 0x00000209e91b6490 Thread exited: 0x00000209e91b6490
Event: 83479.151 Thread 0x00000209e91b6b20 Thread exited: 0x00000209e91b6b20
Event: 83482.565 Thread 0x00000209e91b6490 Thread added: 0x00000209e91b6490
Event: 83482.566 Thread 0x00000209e91b6b20 Thread added: 0x00000209e91b6b20
Event: 83496.680 Thread 0x00000209e91b6490 Thread exited: 0x00000209e91b6490
Event: 83496.743 Thread 0x00000209e91b6b20 Thread exited: 0x00000209e91b6b20
Event: 83498.426 Thread 0x00000209e91b6490 Thread added: 0x00000209e91b6490
Event: 83498.430 Thread 0x00000209e91b6b20 Thread added: 0x00000209e91b6b20
Event: 83504.309 Thread 0x00000209e91b6490 Thread exited: 0x00000209e91b6490
Event: 83504.371 Thread 0x00000209e91b6b20 Thread exited: 0x00000209e91b6b20
Event: 83524.415 Thread 0x00000209e91b6490 Thread added: 0x00000209e91b6490
Event: 83524.417 Thread 0x00000209e91b6b20 Thread added: 0x00000209e91b6b20
Event: 83529.429 Thread 0x00000209e91b6490 Thread exited: 0x00000209e91b6490
Event: 83529.491 Thread 0x00000209e91b6b20 Thread exited: 0x00000209e91b6b20


Dynamic libraries:
0x00007ff69c0c0000 - 0x00007ff69c0d0000 	C:\Program Files\Java\jdk-21\bin\java.exe
0x00007ffe12430000 - 0x00007ffe12628000 	C:\WINDOWS\SYSTEM32\ntdll.dll
0x00007ffe112d0000 - 0x00007ffe11392000 	C:\WINDOWS\System32\KERNEL32.DLL
0x00007ffe0fad0000 - 0x00007ffe0fdce000 	C:\WINDOWS\System32\KERNELBASE.dll
0x00007ffe10110000 - 0x00007ffe10210000 	C:\WINDOWS\System32\ucrtbase.dll
0x00007ffe00650000 - 0x00007ffe0066b000 	C:\Program Files\Java\jdk-21\bin\VCRUNTIME140.dll
0x00007ffe005a0000 - 0x00007ffe005b9000 	C:\Program Files\Java\jdk-21\bin\jli.dll
0x00007ffe10e10000 - 0x00007ffe10ec1000 	C:\WINDOWS\System32\ADVAPI32.dll
0x00007ffe12270000 - 0x00007ffe1230e000 	C:\WINDOWS\System32\msvcrt.dll
0x00007ffe11070000 - 0x00007ffe1110f000 	C:\WINDOWS\System32\sechost.dll
0x00007ffe11110000 - 0x00007ffe11233000 	C:\WINDOWS\System32\RPCRT4.dll
0x00007ffe0fef0000 - 0x00007ffe0ff17000 	C:\WINDOWS\System32\bcrypt.dll
0x00007ffe12070000 - 0x00007ffe1220d000 	C:\WINDOWS\System32\USER32.dll
0x00007ffe10030000 - 0x00007ffe10052000 	C:\WINDOWS\System32\win32u.dll
0x00007ffe11b10000 - 0x00007ffe11b3b000 	C:\WINDOWS\System32\GDI32.dll
0x00007ffe0fdd0000 - 0x00007ffe0fee7000 	C:\WINDOWS\System32\gdi32full.dll
0x00007ffe0ff20000 - 0x00007ffe0ffbd000 	C:\WINDOWS\System32\msvcp_win.dll
0x00007ffdffe40000 - 0x00007ffe000da000 	C:\WINDOWS\WinSxS\amd64_microsoft.windows.common-controls_6595b64144ccf1df_6.0.19041.4355_none_60b8b9eb71f62e16\COMCTL32.dll
0x00007ffe019e0000 - 0x00007ffe019ea000 	C:\WINDOWS\SYSTEM32\VERSION.dll
0x00007ffe10dd0000 - 0x00007ffe10dff000 	C:\WINDOWS\System32\IMM32.DLL
0x00007ffe00640000 - 0x00007ffe0064c000 	C:\Program Files\Java\jdk-21\bin\vcruntime140_1.dll
0x00007ffdf0680000 - 0x00007ffdf070e000 	C:\Program Files\Java\jdk-21\bin\msvcp140.dll
0x00007ffd98a10000 - 0x00007ffd9971d000 	C:\Program Files\Java\jdk-21\bin\server\jvm.dll
0x00007ffe10fa0000 - 0x00007ffe1100b000 	C:\WINDOWS\System32\WS2_32.dll
0x00007ffe0f060000 - 0x00007ffe0f0ab000 	C:\WINDOWS\SYSTEM32\POWRPROF.dll
0x00007ffdfc670000 - 0x00007ffdfc697000 	C:\WINDOWS\SYSTEM32\WINMM.dll
0x00007ffe0eed0000 - 0x00007ffe0eee2000 	C:\WINDOWS\SYSTEM32\UMPDC.dll
0x00007ffe0d950000 - 0x00007ffe0d962000 	C:\WINDOWS\SYSTEM32\kernel.appcore.dll
0x00007ffe00620000 - 0x00007ffe0062a000 	C:\Program Files\Java\jdk-21\bin\jimage.dll
0x00007ffdfbb10000 - 0x00007ffdfbcf4000 	C:\WINDOWS\SYSTEM32\DBGHELP.DLL
0x00007ffdfb310000 - 0x00007ffdfb344000 	C:\WINDOWS\SYSTEM32\dbgcore.DLL
0x00007ffe103c0000 - 0x00007ffe10442000 	C:\WINDOWS\System32\bcryptPrimitives.dll
0x00007ffdf0650000 - 0x00007ffdf066f000 	C:\Program Files\Java\jdk-21\bin\java.dll
0x00007ffe113a0000 - 0x00007ffe11b0d000 	C:\WINDOWS\System32\SHELL32.dll
0x00007ffe0db50000 - 0x00007ffe0e2f4000 	C:\WINDOWS\SYSTEM32\windows.storage.dll
0x00007ffe108c0000 - 0x00007ffe10c13000 	C:\WINDOWS\System32\combase.dll
0x00007ffe0f500000 - 0x00007ffe0f52e000 	C:\WINDOWS\SYSTEM32\Wldp.dll
0x00007ffe12310000 - 0x00007ffe123dd000 	C:\WINDOWS\System32\OLEAUT32.dll
0x00007ffe10720000 - 0x00007ffe107cd000 	C:\WINDOWS\System32\SHCORE.dll
0x00007ffe11fb0000 - 0x00007ffe12005000 	C:\WINDOWS\System32\shlwapi.dll
0x00007ffe0fa00000 - 0x00007ffe0fa24000 	C:\WINDOWS\SYSTEM32\profapi.dll
0x00007ffde9a70000 - 0x00007ffde9b47000 	C:\Program Files\Java\jdk-21\bin\jsvml.dll
0x00007ffdf0620000 - 0x00007ffdf0630000 	C:\Program Files\Java\jdk-21\bin\net.dll
0x00007ffe07740000 - 0x00007ffe0784d000 	C:\WINDOWS\SYSTEM32\WINHTTP.dll
0x00007ffe0f260000 - 0x00007ffe0f2ca000 	C:\WINDOWS\system32\mswsock.dll
0x00007ffdf0550000 - 0x00007ffdf0566000 	C:\Program Files\Java\jdk-21\bin\nio.dll
0x00007ffdf0630000 - 0x00007ffdf0648000 	C:\Program Files\Java\jdk-21\bin\zip.dll
0x00007ffdeb980000 - 0x00007ffdeb98e000 	C:\Program Files\Java\jdk-21\bin\sunmscapi.dll
0x00007ffe10260000 - 0x00007ffe103bc000 	C:\WINDOWS\System32\CRYPT32.dll
0x00007ffe0f570000 - 0x00007ffe0f597000 	C:\WINDOWS\SYSTEM32\ncrypt.dll
0x00007ffe0f530000 - 0x00007ffe0f56b000 	C:\WINDOWS\SYSTEM32\NTASN1.dll
0x00007ffe0f450000 - 0x00007ffe0f468000 	C:\WINDOWS\SYSTEM32\CRYPTSP.dll
0x00007ffe0eb10000 - 0x00007ffe0eb44000 	C:\WINDOWS\system32\rsaenh.dll
0x00007ffe0f9c0000 - 0x00007ffe0f9ee000 	C:\WINDOWS\SYSTEM32\USERENV.dll
0x00007ffe0f470000 - 0x00007ffe0f47c000 	C:\WINDOWS\SYSTEM32\CRYPTBASE.dll
0x00007ffe0eef0000 - 0x00007ffe0ef2b000 	C:\WINDOWS\SYSTEM32\IPHLPAPI.DLL
0x00007ffe123e0000 - 0x00007ffe123e8000 	C:\WINDOWS\System32\NSI.dll
0x00007ffdf04b0000 - 0x00007ffdf04ba000 	C:\Program Files\Java\jdk-21\bin\management.dll
0x00007ffdf04a0000 - 0x00007ffdf04ab000 	C:\Program Files\Java\jdk-21\bin\management_ext.dll
0x00007ffe108b0000 - 0x00007ffe108b8000 	C:\WINDOWS\System32\PSAPI.DLL
0x00007ffdeb9b0000 - 0x00007ffdeb9b9000 	C:\Program Files\Java\jdk-21\bin\extnet.dll
0x00007ffddaa90000 - 0x00007ffddaa97000 	C:\WINDOWS\system32\wshunix.dll
0x00007ffe0ef40000 - 0x00007ffe0f00a000 	C:\WINDOWS\SYSTEM32\DNSAPI.dll
0x00007ffdff540000 - 0x00007ffdff54a000 	C:\Windows\System32\rasadhlp.dll
0x00007ffe00760000 - 0x00007ffe007e0000 	C:\WINDOWS\System32\fwpuclnt.dll

dbghelp: loaded successfully - version: 4.0.5 - missing functions: none
symbol engine: initialized successfully - sym options: 0x614 - pdb path: .;C:\Program Files\Java\jdk-21\bin;C:\WINDOWS\SYSTEM32;C:\WINDOWS\WinSxS\amd64_microsoft.windows.common-controls_6595b64144ccf1df_6.0.19041.4355_none_60b8b9eb71f62e16;C:\Program Files\Java\jdk-21\bin\server

VM Arguments:
jvm_args: -Dfile.encoding=UTF-8 -Duser.country=JP -Duser.language=ja -Duser.variant 
java_command: raisetech.StudentManagement.Application
java_class_path (initial): C:\Users\Owner\Downloads\StudentManagement\java-study1\build\classes\java\main;C:\Users\Owner\Downloads\StudentManagement\java-study1\build\resources\main;C:\Users\Owner\.gradle\caches\modules-2\files-2.1\org.springframework.boot\spring-boot-starter-web\3.3.2\720418538668a8742d0ae24097811d5250cf5c32\spring-boot-starter-web-3.3.2.jar;C:\Users\Owner\.gradle\caches\modules-2\files-2.1\org.springframework.boot\spring-boot-starter-thymeleaf\3.3.2\cdcc62e2bb84c080a474281cf09c28cdfd423955\spring-boot-starter-thymeleaf-3.3.2.jar;C:\Users\Owner\.gradle\caches\modules-2\files-2.1\org.apache.commons\commons-lang3\3.17.0\b17d2136f0460dcc0d2016ceefca8723bdf4ee70\commons-lang3-3.17.0.jar;C:\Users\Owner\.gradle\caches\modules-2\files-2.1\org.mybatis.spring.boot\mybatis-spring-boot-starter\3.0.3\19528356bf8bad2be5f8bf796dfc30bcc4996054\mybatis-spring-boot-starter-3.0.3.jar;C:\Users\Owner\.gradle\caches\modules-2\files-2.1\org.springframework.boot\spring-boot-starter-tomcat\3.3.2\37ccb53cd5207fffd7a6fc1b591687f8cb1350df\spring-boot-starter-tomcat-3.3.2.jar;C:\Users\Owner\.gradle\caches\modules-2\files-2.1\com.mysql\mysql-connector-j\8.3.0\1cc7fa5d61f4bbc113531a4ba6d85d41cf3d57e1\mysql-connector-j-8.3.0.jar;C:\Users\Owner\.gradle\caches\modules-2\files-2.1\org.springframework.boot\spring-boot-starter-json\3.3.2\d8b8b73e7820092b4e41d730eeb968add7957c45\spring-boot-starter-json-3.3.2.jar;C:\Users\Owner\.gradle\caches\modules-2\files-2.1\org.springframework.boot\spring-boot-starter-jdbc\3.3.2\544775d745288972598ab2e872e5a4816b6d9b39\spring-boot-starter-jdbc-3.3.2.jar;C:\Users\Owner\.gradle\caches\modules-2\files-2.1\org.springframework.boot\spring-boot-starter\3.3.2\f9377a223dab5c4afe7aead05bf6ac567cf565ab\spring-boot-starter-3.3.2.jar;C:\Users\Owner\.gradle\caches\modules-2\files-2.1\org.springframework\spring-webmvc\6.1.11\9ec4c2a5e28bf7b2d60e254e976940b12c8ba32a\spring-webmvc-6.1.11.jar;C:\Users\Owner\.gradle\caches\modules-2\files-2.1\org.springframework\spring-web\6.1.11\8910d08f15492273543d2c8032b2b895e08ed9e\spring-web-6.1.11.jar;C:\Users\Owner\.gradle\caches\modules-2\files-2.1\org.thymeleaf\thymeleaf-spring6\3.1.2.RELEASE\6030c7b4e260c41336f378e53da6e8531263f24b\thymeleaf-spring6-3.1.2.RELEASE.jar;C:\Users\Owner\.gradle\caches\modules-2\files-2.1\org.mybatis.spring.boot\mybatis-spring-boot-autoconfigure\3.0.3\b73a2effa4f60a2eeca98aa12ea3437faede0f73\mybatis-spring-boot-autoconfigure-3.0.3.jar;C:\Users\Owner\.gradle\caches\modules-2\files-2.1\org.mybatis\mybatis\3.5.14\d94d2267d1caf1c31748123e671dcea5ad1a6f8\mybatis-3.5.14.jar;C:\Users\Owner\.gradle\caches\modules-2\files-2.1\org.mybatis\mybatis-spring\3.0.3\5a4ab31bfb62bca615b39ade93de2a607e9b9403\mybatis-spring-3.0.3.jar;C:\Users\Owner\.gradle\caches\modules-2\files-2.1\jakarta.annotation\jakarta.annotation-api\2.1.1\48b9bda22b091b1f48b13af03fe36db3be6e1ae3\jakarta.annotation-api-2.1.1.jar;C:\Users\Owner\.gradle\caches\modules-2\files-2.1\org.apache.tomcat.embed\tomcat-embed-websocket\10.1.26\3b147d7e5566e9361e86422f9e49fdd56a429637\tomcat-embed-websocket-10.1.26.jar;C:\Users\Owner\.gradle\caches\modules-2\files-2.1\org.apache.tomcat.embed\tomcat-embed-core\10.1.26\5e0fa06ca373ef0ca55e603291ea51b590c377ea\tomcat-embed-core-10.1.26.jar;C:\Users\Owner\.gradle\caches\modules-2\files-2.1\org.apache.tomcat.embed\tomcat-embed-el\10.1.26\5a5cbcb3e51fcd557b164736e9920a3dd2ac1e33\tomcat-embed-el-10.1.26.jar;C:\Users\Owner\.gradle\caches\modules-2\files-2.1\org.springframework.boot\spring-boot-autoconfigure\3.3.2\6a9ab910b00f0b504a5903e3680ac10018da6247\spring-boot-autoconfigure-3.3.2.jar;C:\Users\Owner\.gradle\caches\modules-2\files-2.1\org.springframework.boot\spring-boot\3.3.2\72a257d5518b2b8b9949a26543cdb3a4e67de5f8\spring-boot-3.3.2.jar;C:\Users\Owner\.gradle\caches\modules-2\files-2.1\org.springframework.boot\spring-boot-starter-logging\3.3.2\b685c97f3c24dc30c53ae18151a798f701f2a640\spring-boot-starter-logging-3.3.2.jar;C:\Users\Owner\.gradle\caches\modules-2\files-2.1\org.springframework\spring-context\6.1.11\8fc69f776333713aa26be8821af8c6355ccad8d8\spring-context-6.1.11.jar;C:\Users\Owner\.gradle\caches\modules-2\files-2.1\org.springframework\spring-aop\6.1.11\3503ef99b759b81f8b0b3d5260bf4842e393a581\spring-aop-6.1.11.jar;C:\Users\Owner\.gradle\caches\modules-2\files-2.1\org.springframework\spring-jdbc\6.1.11\92b9f712206993c56c56903547c6b695a4a70128\spring-jdbc-6.1.11.jar;C:\Users\Owner\.gradle\caches\modules-2\files-2.1\org.springframework\spring-tx\6.1.11\2e38b3218ae80d0b5401a4ef299c4cfbc3a73ed7\spring-tx-6.1.11.jar;C:\Users\Owner\.gradle\caches\modules-2\files-2.1\org.springframework\spring-beans\6.1.11\266176d132ab2bbf8e69e4aa6d7f47ec746ddc9a\spring-beans-6.1.11.jar;C:\Users\Owner\.gradle\caches\modules-2\files-2.1\org.springframework\spring-expression\6.1.11\7c12cf1cd39289cfab7c5933eda9e4704a7f2799\spring-expression-6.1.11.jar;C:\Users\Owner\.gradle\caches\modules-2\files-2.1\org.springframework\spring-core\6.1.11\90fce4311852c68c1e87c65adf60db9add1a6dcb\spring-core-6.1.11.jar;C:\Users\Owner\.gradle\caches\modules-2\files-2.1\org.yaml\snakeyaml\2.2\3af797a25458550a16bf89acc8e4ab2b7f2bfce0\snakeyaml-2.2.jar;C:\Users\Owner\.gradle\caches\modules-2\files-2.1\com.fasterxml.jackson.datatype\jackson-datatype-jsr310\2.17.2\267b85e9ba2892a37be6d80aa9ca1438a0d8c210\jackson-datatype-jsr310-2.17.2.jar;C:\Users\Owner\.gradle\caches\modules-2\files-2.1\com.fasterxml.jackson.module\jackson-module-parameter-names\2.17.2\d27b9f95ccce98984c1ba58d61c5a9c072b1ad95\jackson-module-parameter-names-2.17.2.jar;C:\Users\Owner\.gradle\caches\modules-2\files-2.1\com.fasterxml.jackson.core\jackson-annotations\2.17.2\147b7b9412ffff24339f8aba080b292448e08698\jackson-annotations-2.17.2.jar;C:\Users\Owner\.gradle\caches\modules-2\files-2.1\com.fasterxml.jackson.core\jackson-core\2.17.2\969a35cb35c86512acbadcdbbbfb044c877db814\jackson-core-2.17.2.jar;C:\Users\Owner\.gradle\caches\modules-2\files-2.1\com.fasterxml.jackson.datatype\jackson-datatype-jdk8\2.17.2\efd3dd0e1d0db8bc72abbe71c15e697bb83b4b45\jackson-datatype-jdk8-2.17.2.jar;C:\Users\Owner\.gradle\caches\modules-2\files-2.1\com.fasterxml.jackson.core\jackson-databind\2.17.2\e6deb029e5901e027c129341fac39e515066b68c\jackson-databind-2.17.2.jar;C:\Users\Owner\.gradle\caches\modules-2\files-2.1\io.micrometer\micrometer-observation\1.13.2\a498ee0871596f41a61679a29bc8390defba4245\micrometer-observation-1.13.2.jar;C:\Users\Owner\.gradle\caches\modules-2\files-2.1\org.thymeleaf\thymeleaf\3.1.2.RELEASE\273997509a4c7aef86cee0521750140c587d9be2\thymeleaf-3.1.2.RELEASE.jar;C:\Users\Owner\.gradle\caches\modules-2\files-2.1\com.zaxxer\HikariCP\5.1.0\8c96e36c14461fc436bb02b264b96ef3ca5dca8c\HikariCP-5.1.0.jar;C:\Users\Owner\.gradle\caches\modules-2\files-2.1\ch.qos.logback\logback-classic\1.5.6\afc75d260d838a3bddfb8f207c2805ed7d1b34f9\logback-classic-1.5.6.jar;C:\Users\Owner\.gradle\caches\modules-2\files-2.1\org.apache.logging.log4j\log4j-to-slf4j\2.23.1\425ad1eb8a39904d2830e907a324e956fb456520\log4j-to-slf4j-2.23.1.jar;C:\Users\Owner\.gradle\caches\modules-2\files-2.1\org.slf4j\jul-to-slf4j\2.0.13\a3bcd9d9dd50c71ce69f06b1fd05e40fdeff6ba5\jul-to-slf4j-2.0.13.jar;C:\Users\Owner\.gradle\caches\modules-2\files-2.1\org.slf4j\slf4j-api\2.0.13\80229737f704b121a318bba5d5deacbcf395bc77\slf4j-api-2.0.13.jar;C:\Users\Owner\.gradle\caches\modules-2\files-2.1\org.springframework\spring-jcl\6.1.11\97b34c6b72c8084759e71cd09a7dad16bfb8f1da\spring-jcl-6.1.11.jar;C:\Users\Owner\.gradle\caches\modules-2\files-2.1\io.micrometer\micrometer-commons\1.13.2\b2b69f7887f9bf6f5ae42e86a67a62367056aa3c\micrometer-commons-1.13.2.jar;C:\Users\Owner\.gradle\caches\modules-2\files-2.1\org.attoparser\attoparser\2.0.7.RELEASE\e5d0e988d9124139d645bb5872b24dfa23e283cc\attoparser-2.0.7.RELEASE.jar;C:\Users\Owner\.gradle\caches\modules-2\files-2.1\org.unbescape\unbescape\1.1.6.RELEASE\7b90360afb2b860e09e8347112800d12c12b2a13\unbescape-1.1.6.RELEASE.jar;C:\Users\Owner\.gradle\caches\modules-2\files-2.1\ch.qos.logback\logback-core\1.5.6\41cbe874701200c5624c19e0ab50d1b88dfcc77d\logback-core-1.5.6.jar;C:\Users\Owner\.gradle\caches\modules-2\files-2.1\org.apache.logging.log4j\log4j-api\2.23.1\9c15c29c526d9c6783049c0a77722693c66706e1\log4j-api-2.23.1.jar
Launcher Type: SUN_STANDARD

[Global flags]
     intx CICompilerCount                          = 3                                         {product} {ergonomic}
     uint ConcGCThreads                            = 1                                         {product} {ergonomic}
     uint G1ConcRefinementThreads                  = 4                                         {product} {ergonomic}
   size_t G1HeapRegionSize                         = 2097152                                   {product} {ergonomic}
    uintx GCDrainStackTargetSize                   = 64                                        {product} {ergonomic}
   size_t InitialHeapSize                          = 268435456                                 {product} {ergonomic}
   size_t MarkStackSize                            = 4194304                                   {product} {ergonomic}
   size_t MaxHeapSize                              = 4267704320                                {product} {ergonomic}
   size_t MaxNewSize                               = 2560622592                                {product} {ergonomic}
   size_t MinHeapDeltaBytes                        = 2097152                                   {product} {ergonomic}
   size_t MinHeapSize                              = 8388608                                   {product} {ergonomic}
    uintx NonNMethodCodeHeapSize                   = 5832780                                {pd product} {ergonomic}
    uintx NonProfiledCodeHeapSize                  = 122912730                              {pd product} {ergonomic}
    uintx ProfiledCodeHeapSize                     = 122912730                              {pd product} {ergonomic}
    uintx ReservedCodeCacheSize                    = 251658240                              {pd product} {ergonomic}
     bool SegmentedCodeCache                       = true                                      {product} {ergonomic}
   size_t SoftMaxHeapSize                          = 4267704320                             {manageable} {ergonomic}
     bool UseCompressedOops                        = true                           {product lp64_product} {ergonomic}
     bool UseG1GC                                  = true                                      {product} {ergonomic}
     bool UseLargePagesIndividualAllocation        = false                                  {pd product} {ergonomic}

Logging:
Log output configuration:
 #0: stdout all=warning uptime,level,tags foldmultilines=false
 #1: stderr all=off uptime,level,tags foldmultilines=false

Environment Variables:
PATH=C:\Program Files\Common Files\Oracle\Java\javapath;C:\Program Files (x86)\Common Files\Oracle\Java\javapath;C:\Program Files (x86)\Intel\iCLS Client\;C:\Program Files\Intel\iCLS Client\;C:\WINDOWS\system32;C:\WINDOWS;C:\WINDOWS\System32\Wbem;C:\WINDOWS\System32\WindowsPowerShell\v1.0\;C:\WINDOWS\System32\OpenSSH\;C:\Program Files (x86)\Common Files\Roxio Shared\DLLShared\;C:\Program Files (x86)\Common Files\Roxio Shared\13.0\DLLShared\;C:\Program Files\Intel\Intel(R) Management Engine Components\DAL;C:\Program Files (x86)\Intel\Intel(R) Management Engine Components\DAL;C:\Program Files\Intel\Intel(R) Management Engine Components\IPT;C:\Program Files (x86)\Intel\Intel(R) Management Engine Components\IPT;C:\Program Files\dotnet\;C:\xampp\php;C:\ProgramData\ComposerSetup\bin;C:\Program Files\Git\cmd;C:\Program Files\MySQL\MySQL Server 8.0\bin
USERNAME=Owner
OS=Windows_NT
PROCESSOR_IDENTIFIER=Intel64 Family 6 Model 61 Stepping 4, GenuineIntel
TMP=C:\Users\Owner\AppData\Local\Temp
TEMP=C:\Users\Owner\AppData\Local\Temp




Periodic native trim disabled

---------------  S Y S T E M  ---------------

OS:
 Windows 10 , 64 bit Build 19041 (10.0.19041.5198)
OS uptime: 1 days 1:38 hours

CPU: total 4 (initial active 4) (2 cores per cpu, 2 threads per core) family 6 model 61 stepping 4 microcode 0x2d, cx8, cmov, fxsr, ht, mmx, 3dnowpref, sse, sse2, sse3, ssse3, sse4.1, sse4.2, popcnt, lzcnt, tsc, tscinvbit, avx, avx2, aes, erms, clmul, bmi1, bmi2, rtm, adx, fma, vzeroupper, clflush, rdtscp, f16c
Processor Information for all 4 processors :
  Max Mhz: 2301, Current Mhz: 2300, Mhz Limit: 2277

Memory: 4k page, system-wide physical 16279M (4688M free)
TotalPageFile size 18711M (AvailPageFile size 3681M)
current process WorkingSet (physical memory assigned to process): 124M, peak: 195M
current process commit charge ("private bytes"): 207M, peak: 394M

vm_info: Java HotSpot(TM) 64-Bit Server VM (21.0.3+7-LTS-152) for windows-amd64 JRE (21.0.3+7-LTS-152), built on 2024-03-11T17:42:26Z by "mach5one" with MS VC++ 17.6 (VS2022)

END.
